<?xml version="1.0" encoding="UTF-8"?>
<testsuite xmlns:xsi="http://www.w3.org/2001/XMLSchema-instance" xsi:schemaLocation="https://maven.apache.org/surefire/maven-surefire-plugin/xsd/surefire-test-report.xsd" name="TestSuite" time="74.465" tests="3" errors="0" skipped="0" failures="0">
  <properties>
    <property name="MGC_IO_DESIGNER_HOME" value="C:\MentorGraphics\9.5PADS\SDD_HOME\IODesigner"/>
    <property name="PROCESSOR_ARCHITECTURE" value="AMD64"/>
    <property name="file.encoding.pkg" value="sun.io"/>
    <property name="GOROOT" value="C:\Go\"/>
    <property name="LOGONSERVER" value="\\LAPTOP-UA381MM8"/>
    <property name="SDD_HLX" value="hlx"/>
    <property name="ProgramData" value="C:\ProgramData"/>
    <property name="SDD_HLT" value="hlt"/>
    <property name="java.home" value="C:\Program Files\Java\jdk-10.0.2"/>
    <property name="MGC_HOME" value="C:\MentorGraphics\9.5PADS\MGC_HOME.ixn"/>
    <property name="NODE_NAME" value="master"/>
    <property name="JENKINS_URL" value="http://localhost:8080/"/>
    <property name="ALLUSERSPROFILE" value="C:\ProgramData"/>
    <property name="MCC_INCLUDE" value="C:\Program Files (x86)\Microchip\mplabc18\v3.47\h"/>
    <property name="PSModulePath" value="C:\Program Files\WindowsPowerShell\Modules;C:\WINDOWS\system32\WindowsPowerShell\v1.0\Modules"/>
    <property name="=::" value="::\"/>
    <property name="USERDOMAIN" value="LAPTOP-UA381MM8"/>
    <property name="perlinterp" value="C:\MentorGraphics\9.5PADS\SDD_HOME\common\win32\perl\bin\perl"/>
    <property name="sun.os.patch.level" value=""/>
    <property name="java.vendor.url" value="http://java.oracle.com/"/>
    <property name="WDIR" value="C:\PADS Projects;C:\MentorGraphics\9.5PADS\SDD_HOME\standard"/>
    <property name="CommonProgramFiles(x86)" value="C:\Program Files (x86)\Common Files"/>
    <property name="VS90COMNTOOLS" value="C:\Program Files (x86)\Microsoft Visual Studio 9.0\Common7\Tools\"/>
    <property name="SDD_VLPERL_BIN" value="C:\MentorGraphics\9.5PADS\SDD_HOME\common\win32\perl\bin"/>
    <property name="java.version" value="10.0.2"/>
    <property name="JOB_NAME" value="Test Auto Integration Git"/>
    <property name="COMPUTERNAME" value="LAPTOP-UA381MM8"/>
    <property name="ANDROID_HOME" value="C:\Users\Hp\AppData\Local\Android\Sdk"/>
    <property name="SDD_CES" value="ces"/>
    <property name="SDD_HOME" value="C:\MentorGraphics\9.5PADS\SDD_HOME"/>
    <property name="java.vendor.url.bug" value="http://bugreport.java.com/bugreport/"/>
    <property name="PUBLIC" value="C:\Users\Public"/>
    <property name="java.version.date" value="2018-07-17"/>
    <property name="jdk.debug" value="release"/>
    <property name="VXIPNPPATH" value="G:\Production_Line_Soft\"/>
    <property name="user.name" value="Hp"/>
    <property name="sun.io.unicode.encoding" value="UnicodeLittle"/>
    <property name="sun.jnu.encoding" value="Cp1252"/>
    <property name="java.runtime.name" value="Java(TM) SE Runtime Environment"/>
    <property name="windir" value="C:\WINDOWS"/>
    <property name="PROCESSOR_IDENTIFIER" value="Intel64 Family 6 Model 142 Stepping 10, GenuineIntel"/>
    <property name="SDD_ICDB" value="iCDB"/>
    <property name="SDD_LM" value="lm"/>
    <property name="LOCALAPPDATA" value="C:\Users\Hp\AppData\Local"/>
    <property name="java.specification.name" value="Java Platform API Specification"/>
    <property name="RUN_CHANGES_DISPLAY_URL" value="http://localhost:8080/job/Test%20Auto%20Integration%20Git/1/display/redirect?page=changes"/>
    <property name="user.timezone" value="Asia/Dhaka"/>
    <property name="path.separator" value=";"/>
    <property name="user.script" value=""/>
    <property name="NUMBER_OF_PROCESSORS" value="8"/>
    <property name="BUILD_TAG" value="jenkins-Test Auto Integration Git-1"/>
    <property name="file.encoding" value="Cp1252"/>
    <property name="VS140COMNTOOLS" value="C:\Program Files (x86)\Microsoft Visual Studio 14.0\Common7\Tools\"/>
    <property name="sun.java.command" value="jenkins.maven3.agent.Maven35Main C:\Users\Hp\.jenkins\tools\hudson.tasks.Maven_MavenInstallation\Maven C:\Users\Hp\.jenkins\war\WEB-INF\lib\remoting-4.3.jar C:\Users\Hp\.jenkins\plugins\maven-plugin\WEB-INF\lib\maven35-interceptor-1.13.jar C:\Users\Hp\.jenkins\plugins\maven-plugin\WEB-INF\lib\maven3-interceptor-commons-1.13.jar 57633"/>
    <property name="HUDSON_URL" value="http://localhost:8080/"/>
    <property name="ELDO_FLOW" value="sim"/>
    <property name="JENKINS_SERVER_COOKIE" value="aab4cc0e78261fd4"/>
    <property name="DX_ROOT" value="C:\MentorGraphics\9.5PADS\SDD_HOME\sim\DxSim\"/>
    <property name="EXECUTOR_NUMBER" value="1"/>
    <property name="Path" value="C:\Program Files\Java\jdk-10.0.2/bin;C:\Program Files (x86)\Microchip\mplabc18\v3.47\mpasm;C:\Program Files (x86)\Microchip\mplabc18\v3.47\bin;C:\Oracle\instantclient_19_5;C:\Users\Hp\AppData\Local\Programs\Python\Python37-32\;C:\Python27;C:\MentorGraphics\9.5PADS\SDD_HOME\common\win32\bin;C:\MentorGraphics\9.5PADS\SDD_HOME\common\win32\lib;C:\MentorGraphics\9.5PADS\MGC_HOME.ixn\bin;C:\MentorGraphics\9.5PADS\MGC_HOME.ixn\lib;C:\Users\Hp\AppData\Local\Android\Sdk\tool;%ANDRIOD_HOME%\platform-tool;C:\Program Files (x86)\Common Files\Oracle\Java\javapath;C:\Program Files (x86)\Intel\iCLS Client\;C:\Program Files\Intel\iCLS Client\;C:\windows\system32;C:\windows;C:\windows\System32\Wbem;C:\windows\System32\WindowsPowerShell\v1.0\;C:\Program Files (x86)\Intel\Intel(R) Management Engine Components\DAL;C:\Program Files\Intel\Intel(R) Management Engine Components\DAL;C:\Program Files (x86)\Intel\Intel(R) Management Engine Components\IPT;C:\Program Files\Intel\Intel(R) Management Engine Components\IPT;C:\Program Files (x86)\NVIDIA Corporation\PhysX\Common;C:\Program Files (x86)\SlikSvn\bin;C:\Program Files\Java\jdk-10.0.2\bin;C:\Users\Hp\AppData\Local\Programs\Python\Python37-32\;C:\Program Files (x86)\Windows Kits\8.1\Windows Performance Toolkit\;C:\Program Files\Git\cmd;C:\Program Files\Git\mingw64\bin;C:\Program Files\Git\usr\bin;C:\Users\Hp\Downloads\cmake-3.12.0\cmake-3.12.0;C:\Users\Hp\Desktop\platform-tools;C:\Users\Hp\AppData\Local\Android\Sdk\platform-tools;C:\WINDOWS\system32;C:\WINDOWS;C:\WINDOWS\System32\Wbem;C:\WINDOWS\System32\WindowsPowerShell\v1.0\;C:\WINDOWS\System32\OpenSSH\;C:\Program Files (x86)\Microsoft SQL Server\90\Tools\binn\;C:\Go\bin;C:\Program Files\PuTTY\;G:\xampp\php;C:\ProgramData\ComposerSetup\bin;G:\Production_Line_Soft\WinNT\Bin;C:\Program Files\Intel\WiFi\bin\;C:\Program Files\Common Files\Intel\WirelessCommon\;C:\Program Files\MATLAB\MATLAB Runtime\v93\runtime\win64;C:\Program Files\nodejs\;;C:\Program Files (x86)\Microchip\MPLAB C32 Suite\bin;C:\Program Files\Docker\Docker\resources\bin;C:\ProgramData\DockerDesktop\version-bin;C:\Program Files (x86)\Microchip\mplabc18\v3.47\mpasm;C:\Program Files (x86)\Microchip\mplabc18\v3.47\bin;C:\Users\Hp\Anaconda3;C:\Users\Hp\Anaconda3\Library\mingw-w64\bin;C:\Users\Hp\Anaconda3\Library\usr\bin;C:\Users\Hp\Anaconda3\Library\bin;C:\Users\Hp\Anaconda3\Scripts;C:\Users\Hp\AppData\Local\Programs\Python\Python37-32\Scripts\;C:\Users\Hp\AppData\Local\Programs\Python\Python37-32\;C:\Users\Hp\AppData\Local\Microsoft\WindowsApps;C:\MentorGraphics\9.5PADS\SDD_HOME\CAMCAD;C:\MentorGraphics\9.5PADS\SDD_HOME\common\win32\lib;C:\Users\Hp\go\bin;C:\Users\Hp\AppData\Roaming\Composer\vendor\bin;C:\Users\Hp\AppData\Local\Programs\Microsoft VS Code\bin;C:\Users\Hp\AppData\Roaming\npm;C:\Program Files (x86)\GnuWin32\bin;C:\Program Files\heroku\bin"/>
    <property name="SDD_WV" value="wv"/>
    <property name="GIT_COMMIT" value="05ddbf65b6a3007e9b5a1eb8126acb9f9cb00525"/>
    <property name="java.io.tmpdir" value="C:\Users\Hp\AppData\Local\Temp\"/>
    <property name="APPDATA" value="C:\Users\Hp\AppData\Roaming"/>
    <property name="SDD_START" value="start"/>
    <property name="SDD_IOD" value="IODesigner"/>
    <property name="user.language" value="en"/>
    <property name="line.separator" value="&#10;"/>
    <property name="GOPATH" value="C:\Projects\Go"/>
    <property name="SDD_WG" value="wg"/>
    <property name="BUILD_URL" value="http://localhost:8080/job/Test%20Auto%20Integration%20Git/1/"/>
    <property name="M2_HOME" value="C:\Users\Hp\.jenkins\tools\hudson.tasks.Maven_MavenInstallation\Maven"/>
    <property name="=C:" value="C:\Users\Hp"/>
    <property name="PADS_PROGRAMS" value="Programs"/>
    <property name="java.vm.info" value="mixed mode"/>
    <property name="DriverData" value="C:\Windows\System32\Drivers\DriverData"/>
    <property name="sun.desktop" value="windows"/>
    <property name="java.vm.specification.name" value="Java Virtual Machine Specification"/>
    <property name="BUILD_DISPLAY_NAME" value="#1"/>
    <property name="OS" value="Windows_NT"/>
    <property name="guice.disable.misplaced.annotation.check" value="true"/>
    <property name="SDD_PLATFORM" value="win32"/>
    <property name="HUDSON_SERVER_COOKIE" value="aab4cc0e78261fd4"/>
    <property name="WORKSPACE_TMP" value="C:\Users\Hp\.jenkins\workspace\Test Auto Integration Git@tmp"/>
    <property name="MAVEN_HOME" value="C:\Users\Hp\.jenkins\tools\hudson.tasks.Maven_MavenInstallation\Maven"/>
    <property name="HYP_HOME" value="C:\MentorGraphics\9.5PADS\SDD_HOME\hyperlynx"/>
    <property name="SESSIONNAME" value="Console"/>
    <property name="PYTHON" value="C:\Users\Hp\AppData\Local\Programs\Python\Python37-32\python.exe"/>
    <property name="PATHEXT" value=".COM;.EXE;.BAT;.CMD;.VBS;.VBE;.JS;.JSE;.WSF;.WSH;.MSC"/>
    <property name="SDD_TRN" value="translators"/>
    <property name="java.awt.printerjob" value="sun.awt.windows.WPrinterJob"/>
    <property name="CLASSPATH" value=""/>
    <property name="maven3.interceptor.common" value="C:\Users\Hp\.jenkins\plugins\maven-plugin\WEB-INF\lib\maven3-interceptor-commons-1.13.jar"/>
    <property name="SDD_LM_BIN" value="C:\MentorGraphics\9.5PADS\SDD_HOME\lm\win32\bin"/>
    <property name="SDD_DOC_UTILS" value="doc_utils"/>
    <property name="HOMEPATH" value="\Users\Hp"/>
    <property name="os.name" value="Windows 10"/>
    <property name="java.specification.vendor" value="Oracle Corporation"/>
    <property name="java.vm.name" value="Java HotSpot(TM) 64-Bit Server VM"/>
    <property name="BUILD_NUMBER" value="1"/>
    <property name="maven3.interceptor" value="C:\Users\Hp\.jenkins\plugins\maven-plugin\WEB-INF\lib\maven35-interceptor-1.13.jar"/>
    <property name="java.library.path" value="C:\Program Files\Java\jdk-10.0.2\bin;C:\WINDOWS\Sun\Java\bin;C:\WINDOWS\system32;C:\WINDOWS;C:\Users\Hp\.jenkins\tools\hudson.tasks.Maven_MavenInstallation\Maven/bin;C:\Program Files\Java\jdk-10.0.2/bin;C:\Program Files\Java\jdk-10.0.2/bin;C:\Program Files (x86)\Microchip\mplabc18\v3.47\mpasm;C:\Program Files (x86)\Microchip\mplabc18\v3.47\bin;C:\Oracle\instantclient_19_5;C:\Users\Hp\AppData\Local\Programs\Python\Python37-32\;C:\Python27;C:\MentorGraphics\9.5PADS\SDD_HOME\common\win32\bin;C:\MentorGraphics\9.5PADS\SDD_HOME\common\win32\lib;C:\MentorGraphics\9.5PADS\MGC_HOME.ixn\bin;C:\MentorGraphics\9.5PADS\MGC_HOME.ixn\lib;C:\Users\Hp\AppData\Local\Android\Sdk\tool;%ANDRIOD_HOME%\platform-tool;C:\Program Files (x86)\Common Files\Oracle\Java\javapath;C:\Program Files (x86)\Intel\iCLS Client\;C:\Program Files\Intel\iCLS Client\;C:\windows\system32;C:\windows;C:\windows\System32\Wbem;C:\windows\System32\WindowsPowerShell\v1.0\;C:\Program Files (x86)\Intel\Intel(R) Management Engine Components\DAL;C:\Program Files\Intel\Intel(R) Management Engine Components\DAL;C:\Program Files (x86)\Intel\Intel(R) Management Engine Components\IPT;C:\Program Files\Intel\Intel(R) Management Engine Components\IPT;C:\Program Files (x86)\NVIDIA Corporation\PhysX\Common;C:\Program Files (x86)\SlikSvn\bin;C:\Program Files\Java\jdk-10.0.2\bin;C:\Users\Hp\AppData\Local\Programs\Python\Python37-32\;C:\Program Files (x86)\Windows Kits\8.1\Windows Performance Toolkit\;C:\Program Files\Git\cmd;C:\Program Files\Git\mingw64\bin;C:\Program Files\Git\usr\bin;C:\Users\Hp\Downloads\cmake-3.12.0\cmake-3.12.0;C:\Users\Hp\Desktop\platform-tools;C:\Users\Hp\AppData\Local\Android\Sdk\platform-tools;C:\WINDOWS\system32;C:\WINDOWS;C:\WINDOWS\System32\Wbem;C:\WINDOWS\System32\WindowsPowerShell\v1.0\;C:\WINDOWS\System32\OpenSSH\;C:\Program Files (x86)\Microsoft SQL Server\90\Tools\binn\;C:\Go\bin;C:\Program Files\PuTTY\;G:\xampp\php;C:\ProgramData\ComposerSetup\bin;G:\Production_Line_Soft\WinNT\Bin;C:\Program Files\Intel\WiFi\bin\;C:\Program Files\Common Files\Intel\WirelessCommon\;C:\Program Files\MATLAB\MATLAB Runtime\v93\runtime\win64;C:\Program Files\nodejs\;;C:\Program Files (x86)\Microchip\MPLAB C32 Suite\bin;C:\Program Files\Docker\Docker\resources\bin;C:\ProgramData\DockerDesktop\version-bin;C:\Program Files (x86)\Microchip\mplabc18\v3.47\mpasm;C:\Program Files (x86)\Microchip\mplabc18\v3.47\bin;C:\Users\Hp\Anaconda3;C:\Users\Hp\Anaconda3\Library\mingw-w64\bin;C:\Users\Hp\Anaconda3\Library\usr\bin;C:\Users\Hp\Anaconda3\Library\bin;C:\Users\Hp\Anaconda3\Scripts;C:\Users\Hp\AppData\Local\Programs\Python\Python37-32\Scripts\;C:\Users\Hp\AppData\Local\Programs\Python\Python37-32\;C:\Users\Hp\AppData\Local\Microsoft\WindowsApps;C:\MentorGraphics\9.5PADS\SDD_HOME\CAMCAD;C:\MentorGraphics\9.5PADS\SDD_HOME\common\win32\lib;C:\Users\Hp\go\bin;C:\Users\Hp\AppData\Roaming\Composer\vendor\bin;C:\Users\Hp\AppData\Local\Programs\Microsoft VS Code\bin;C:\Users\Hp\AppData\Roaming\npm;C:\Program Files (x86)\GnuWin32\bin;C:\Program Files\heroku\bin;."/>
    <property name="HOMEDRIVE" value="C:"/>
    <property name="SDD_JAVA_HOME" value="C:\MentorGraphics\9.5PADS\SDD_HOME\common\win32\jre\default\bin\javaw.exe"/>
    <property name="java.class.version" value="54.0"/>
    <property name="JOB_URL" value="http://localhost:8080/job/Test%20Auto%20Integration%20Git/"/>
    <property name="SDD_LOCAL" value="C:\ProgramData\mgc\win32\9.5PADS"/>
    <property name="platformcode" value="KV"/>
    <property name="OneDrive" value="C:\Users\Hp\OneDrive"/>
    <property name="GIT_BRANCH" value="origin/master"/>
    <property name="RUN_DISPLAY_URL" value="http://localhost:8080/job/Test%20Auto%20Integration%20Git/1/display/redirect"/>
    <property name="VBOX_MSI_INSTALL_PATH" value="C:\Program Files\Oracle\VirtualBox\"/>
    <property name="SDD_HSSD" value="hssd"/>
    <property name="JENKINS_HOME" value="C:\Users\Hp\.jenkins"/>
    <property name="TEMP" value="C:\Users\Hp\AppData\Local\Temp"/>
    <property name="BUILD_ID" value="1"/>
    <property name="sun.boot.library.path" value="C:\Program Files\Java\jdk-10.0.2\bin"/>
    <property name="PADS_ROOT" value="C:\MentorGraphics\9.5PADS\SDD_HOME"/>
    <property name="sun.management.compiler" value="HotSpot 64-Bit Tiered Compilers"/>
    <property name="java.awt.graphicsenv" value="sun.awt.Win32GraphicsEnvironment"/>
    <property name="user.variant" value=""/>
    <property name="PROCESSOR_REVISION" value="8e0a"/>
    <property name="HUDSON_HOME" value="C:\Users\Hp\.jenkins"/>
    <property name="ProgramFiles(x86)" value="C:\Program Files (x86)"/>
    <property name="PATH+MAVEN" value="C:\Users\Hp\.jenkins\tools\hudson.tasks.Maven_MavenInstallation\Maven/bin"/>
    <property name="SDD_VCD" value="camcad"/>
    <property name="USERDOMAIN_ROAMINGPROFILE" value="LAPTOP-UA381MM8"/>
    <property name="SDD_SIM" value="sim"/>
    <property name="RUN_ARTIFACTS_DISPLAY_URL" value="http://localhost:8080/job/Test%20Auto%20Integration%20Git/1/display/redirect?page=artifacts"/>
    <property name="PROMPT" value="$P$G"/>
    <property name="SDD_PADS" value="pads"/>
    <property name="java.vm.specification.version" value="10"/>
    <property name="JAVA_HOME" value="C:\Program Files\Java\jdk-10.0.2"/>
    <property name="NODE_LABELS" value="master"/>
    <property name="awt.toolkit" value="sun.awt.windows.WToolkit"/>
    <property name="sun.cpu.isalist" value="amd64"/>
    <property name="USERPROFILE" value="C:\Users\Hp"/>
    <property name="java.vm.compressedOopsMode" value="32-bit"/>
    <property name="JOB_DISPLAY_URL" value="http://localhost:8080/job/Test%20Auto%20Integration%20Git/display/redirect"/>
    <property name="os.version" value="10.0"/>
    <property name="user.home" value="C:\Users\Hp"/>
    <property name="USERNAME" value="Hp"/>
    <property name="java.vm.vendor" value="&quot;Oracle Corporation&quot;"/>
    <property name="PROCESSOR_LEVEL" value="6"/>
    <property name="CommonProgramW6432" value="C:\Program Files\Common Files"/>
    <property name="SDD_STARTBAT" value="start /b /wait"/>
    <property name="user.dir" value="C:\Users\Hp\eclipse-workspace\SeleniumMaven"/>
    <property name="maven.conf" value="C:\Users\Hp\.jenkins\tools\hudson.tasks.Maven_MavenInstallation\Maven\conf"/>
    <property name="ProgramW6432" value="C:\Program Files"/>
    <property name="TMP" value="C:\Users\Hp\AppData\Local\Temp"/>
    <property name="SDD_COMMON_BIN" value="C:\MentorGraphics\9.5PADS\SDD_HOME\common\win32\bin"/>
    <property name="sun.cpu.endian" value="little"/>
    <property name="SystemDrive" value="C:"/>
    <property name="SDD_DX" value="dx"/>
    <property name="WF_CLASSPATH" value="C:\MentorGraphics\9.5PADS\SDD_HOME\common\win32\lib"/>
    <property name="java.vm.version" value="10.0.2+13"/>
    <property name="java.class.path" value="C:\Users\Hp\.jenkins\plugins\maven-plugin\WEB-INF\lib\maven35-agent-1.13.jar;C:\Users\Hp\.jenkins\tools\hudson.tasks.Maven_MavenInstallation\Maven\boot\plexus-classworlds-2.6.0.jar;C:\Users\Hp\.jenkins\tools\hudson.tasks.Maven_MavenInstallation\Maven/conf/logging"/>
    <property name="org.slf4j.simpleLogger.defaultLogLevel" value="info"/>
    <property name="os.arch" value="amd64"/>
    <property name="RegionCode" value="APJ"/>
    <property name="SDD_VIEWER_HOME" value="C:\MentorGraphics\9.5PADS\MGC_HOME.ixn\lib"/>
    <property name="WORKSPACE" value="C:\Users\Hp\.jenkins\workspace\Test Auto Integration Git"/>
    <property name="ComSpec" value="C:\WINDOWS\system32\cmd.exe"/>
    <property name="RUN_TESTS_DISPLAY_URL" value="http://localhost:8080/job/Test%20Auto%20Integration%20Git/1/display/redirect?page=tests"/>
    <property name="sun.java.launcher" value="SUN_STANDARD"/>
    <property name="SDD_VERSION" value="9.5PADS"/>
    <property name="FPS_BROWSER_APP_PROFILE_STRING" value="Internet Explorer"/>
    <property name="SystemRoot" value="C:\WINDOWS"/>
    <property name="CommonProgramFiles" value="C:\Program Files\Common Files"/>
    <property name="MGLS_LICENSE_FILE" value="C:\MentorGraphics\LICENSE.TXT"/>
    <property name="java.vm.specification.vendor" value="Oracle Corporation"/>
    <property name="FPS_BROWSER_USER_PROFILE_STRING" value="Default"/>
    <property name="file.separator" value="\"/>
    <property name="WGET" value="C:\Program Files (x86)\GnuWin32\bin"/>
    <property name="java.runtime.version" value="10.0.2+13"/>
    <property name="ProgramFiles" value="C:\Program Files"/>
    <property name="OnlineServices" value="Online Services"/>
    <property name="PATH+JDK" value="C:\Program Files\Java\jdk-10.0.2/bin"/>
    <property name="=ExitCode" value="00000082"/>
    <property name="user.country" value="US"/>
    <property name="SDD_MGC_HOME" value="..\MGC_HOME.ixn"/>
    <property name="maven.home" value="C:\Users\Hp\.jenkins\tools\hudson.tasks.Maven_MavenInstallation\Maven"/>
    <property name="SDD_WDBSERVER_HOME" value="C:\MentorGraphics\9.5PADS\MGC_HOME.ixn\lib"/>
    <property name="JOB_BASE_NAME" value="Test Auto Integration Git"/>
    <property name="=H:" value="H:\JENKINS"/>
    <property name="java.vendor.version" value="18.3"/>
    <property name="java.vendor" value="Oracle Corporation"/>
    <property name="java.specification.version" value="10"/>
    <property name="SDD_DXSIM" value="dxsim"/>
    <property name="GIT_URL" value="https://github.com/mohonthecyberghost/seleniummaven"/>
    <property name="sun.arch.data.model" value="64"/>
  </properties>
  <testcase name="operations" classname="com.waltonbd.WebTests.Log4jTest" time="0.018"/>
  <testcase name="checkFactoryFunction" classname="com.waltonbd.WebTests.PageFactoryTest" time="19.443"/>
  <testcase name="feature" classname="com.waltonbd.WebTests.MyRunner.TestRunner" time="31.852"/>
</testsuite>