<?xml version="1.0" encoding="UTF-8"?>
<!-- Generated by org.testng.reporters.JUnitReportReporter -->
<testsuite hostname="LAPTOP-UA381MM8" failures="0" tests="3" name="com.waltonbd.WebTests.JavascriptTest" time="31.914" errors="0" timestamp="03 Oct 2020 08:28:09 GMT" skipped="2">
  <testcase classname="com.waltonbd.WebTests.JavascriptTest" name="pageScrolling" time="31.914"/>
  <testcase classname="com.waltonbd.WebTests.JavascriptTest" name="openWindowPage">
    <skipped/>
  </testcase> <!-- openWindowPage -->
  <testcase classname="com.waltonbd.WebTests.JavascriptTest" name="inputFieldValue">
    <skipped/>
  </testcase> <!-- inputFieldValue -->
</testsuite> <!-- com.waltonbd.WebTests.JavascriptTest -->
