<?xml version="1.0" encoding="UTF-8"?>
<!-- Generated by org.testng.reporters.JUnitReportReporter -->
<testsuite hostname="LAPTOP-UA381MM8" failures="0" tests="2" name="com.waltonbd.WebTests.PageFactoryTest" time="11.832" errors="0" timestamp="22 Oct 2020 07:00:00 GMT" skipped="1">
  <testcase classname="com.waltonbd.WebTests.PageFactoryTest" name="checkFactoryFunction" time="11.832"/>
  <testcase classname="com.waltonbd.WebTests.PageFactoryTest" name="openWindowPage">
    <skipped/>
  </testcase> <!-- openWindowPage -->
</testsuite> <!-- com.waltonbd.WebTests.PageFactoryTest -->
