<?xml version="1.0" encoding="UTF-8"?>
<!-- Generated by org.testng.reporters.JUnitReportReporter -->
<testsuite hostname="LAPTOP-UA381MM8" failures="0" tests="2" name="com.waltonbd.WebTests.PageFactoryTest" time="12.966" errors="0" timestamp="24 Oct 2020 05:57:49 GMT" skipped="1">
  <testcase classname="com.waltonbd.WebTests.PageFactoryTest" name="checkFactoryFunction" time="12.966"/>
  <testcase classname="com.waltonbd.WebTests.PageFactoryTest" name="openWindowPage">
    <skipped/>
  </testcase> <!-- openWindowPage -->
</testsuite> <!-- com.waltonbd.WebTests.PageFactoryTest -->
