<?xml version="1.0" encoding="UTF-8"?>
<!-- Generated by org.testng.reporters.JUnitReportReporter -->
<testsuite hostname="LAPTOP-UA381MM8" failures="0" tests="2" name="com.waltonbd.WebTests.WaitTest" time="23.272" errors="0" timestamp="10 Oct 2020 11:15:18 GMT" skipped="0">
  <testcase classname="com.waltonbd.WebTests.WaitTest" name="openFramesPage" time="9.702"/>
  <testcase classname="com.waltonbd.WebTests.WaitTest" name="openAndInputFrames" time="13.570"/>
</testsuite> <!-- com.waltonbd.WebTests.WaitTest -->
