<?xml version="1.0" encoding="UTF-8"?>
<!-- Generated by org.testng.reporters.JUnitReportReporter -->
<testsuite hostname="LAPTOP-UA381MM8" failures="0" tests="1" name="com.waltonbd.WebTests.MyRunner.TestRunner" time="18.782" errors="0" timestamp="22 Oct 2020 12:00:15 GMT" skipped="0">
  <testcase classname="com.waltonbd.WebTests.MyRunner.TestRunner" name="feature" time="18.782"/>
</testsuite> <!-- com.waltonbd.WebTests.MyRunner.TestRunner -->
