<?xml version="1.0" encoding="UTF-8"?>
<!-- Generated by org.testng.reporters.JUnitReportReporter -->
<testsuite hostname="LAPTOP-UA381MM8" failures="0" tests="1" name="com.waltonbd.WebPages.MyRunner.TestRunner" time="64.211" errors="0" timestamp="22 Oct 2020 11:43:55 GMT" skipped="0">
  <testcase classname="com.waltonbd.WebPages.MyRunner.TestRunner" name="feature" time="64.211"/>
</testsuite> <!-- com.waltonbd.WebPages.MyRunner.TestRunner -->
