<?xml version="1.0" encoding="UTF-8"?>
<!-- Generated by org.testng.reporters.JUnitReportReporter -->
<testsuite hostname="LAPTOP-UA381MM8" failures="0" tests="1" name="com.waltonbd.WebTests.AboutTest" time="53.778" errors="0" timestamp="01 Oct 2020 09:01:55 GMT" skipped="0">
  <testcase classname="com.waltonbd.WebTests.AboutTest" name="verifyPageHeadersTest" time="53.778"/>
</testsuite> <!-- com.waltonbd.WebTests.AboutTest -->
