<?xml version="1.0" encoding="UTF-8"?>
<!-- Generated by org.testng.reporters.JUnitReportReporter -->
<testsuite hostname="LAPTOP-UA381MM8" failures="0" tests="5" name="com.waltonbd.WebTests.WindowTest" time="38.171" errors="0" timestamp="03 Oct 2020 04:27:32 GMT" skipped="4">
  <testcase classname="com.waltonbd.WebTests.WindowTest" name="openMultipleWindowsTabs" time="38.171"/>
  <testcase classname="com.waltonbd.WebTests.WindowTest" name="openNewTab">
    <skipped/>
  </testcase> <!-- openNewTab -->
  <testcase classname="com.waltonbd.WebTests.WindowTest" name="openWindowPage">
    <skipped/>
  </testcase> <!-- openWindowPage -->
  <testcase classname="com.waltonbd.WebTests.WindowTest" name="openNewWindow">
    <skipped/>
  </testcase> <!-- openNewWindow -->
  <testcase classname="com.waltonbd.WebTests.WindowTest" name="openMultipleWindows">
    <skipped/>
  </testcase> <!-- openMultipleWindows -->
</testsuite> <!-- com.waltonbd.WebTests.WindowTest -->
