<?xml version="1.0" encoding="UTF-8"?>
<!-- Generated by org.testng.reporters.JUnitReportReporter -->
<testsuite hostname="LAPTOP-UA381MM8" failures="0" tests="1" name="com.waltonbd.WebTests.ProductsTest" time="150.918" errors="0" timestamp="01 Oct 2020 09:52:17 GMT" skipped="0">
  <testcase classname="com.waltonbd.WebTests.ProductsTest" name="openProductPage" time="150.918"/>
</testsuite> <!-- com.waltonbd.WebTests.ProductsTest -->
