<?xml version="1.0" encoding="UTF-8"?>
<!-- Generated by org.testng.reporters.JUnitReportReporter -->
<testsuite hostname="LAPTOP-UA381MM8" failures="0" tests="2" name="com.waltonbd.WebTests.RobotTest" time="40.645" errors="0" timestamp="03 Oct 2020 05:45:28 GMT" skipped="1">
  <testcase classname="com.waltonbd.WebTests.RobotTest" name="robotHandle" time="40.645"/>
  <testcase classname="com.waltonbd.WebTests.RobotTest" name="openRobotsPage">
    <skipped/>
  </testcase> <!-- openRobotsPage -->
</testsuite> <!-- com.waltonbd.WebTests.RobotTest -->
