<?xml version="1.0" encoding="UTF-8"?>
<!-- Generated by org.testng.reporters.JUnitReportReporter -->
<testsuite hostname="LAPTOP-UA381MM8" failures="0" tests="2" name="com.waltonbd.WebTests.WaitTest" time="13.451" errors="0" timestamp="12 Oct 2020 09:20:38 GMT" skipped="1">
  <testcase classname="com.waltonbd.WebTests.WaitTest" name="openAndInputFrames" time="13.451"/>
  <testcase classname="com.waltonbd.WebTests.WaitTest" name="openFramesPage">
    <skipped/>
  </testcase> <!-- openFramesPage -->
</testsuite> <!-- com.waltonbd.WebTests.WaitTest -->
