<?xml version="1.0" encoding="UTF-8"?>
<!-- Generated by org.testng.reporters.JUnitReportReporter -->
<testsuite hostname="LAPTOP-UA381MM8" failures="0" tests="4" name="com.waltonbd.WebTests.ExcelTest" time="55.194" errors="0" timestamp="20 Oct 2020 05:10:01 GMT" skipped="1">
  <testcase classname="com.waltonbd.WebTests.ExcelTest" name="DemoLogin" time="17.283"/>
  <testcase classname="com.waltonbd.WebTests.ExcelTest" name="DemoLogin" time="21.494"/>
  <testcase classname="com.waltonbd.WebTests.ExcelTest" name="DemoLogin" time="16.417"/>
  <testcase classname="com.waltonbd.WebTests.ExcelTest" name="excelOperations">
    <skipped/>
  </testcase> <!-- excelOperations -->
</testsuite> <!-- com.waltonbd.WebTests.ExcelTest -->
