<?xml version="1.0" encoding="UTF-8"?>
<!-- Generated by org.testng.reporters.JUnitReportReporter -->
<testsuite hostname="LAPTOP-UA381MM8" failures="0" tests="2" name="com.waltonbd.WebTests.ScreenshotsTest" time="15.540" errors="0" timestamp="10 Oct 2020 09:28:22 GMT" skipped="1">
  <testcase classname="com.waltonbd.WebTests.ScreenshotsTest" name="captureScreenshots" time="15.540"/>
  <testcase classname="com.waltonbd.WebTests.ScreenshotsTest" name="openFramesPage">
    <skipped/>
  </testcase> <!-- openFramesPage -->
</testsuite> <!-- com.waltonbd.WebTests.ScreenshotsTest -->
