<?xml version="1.0" encoding="UTF-8"?>
<!-- Generated by org.testng.reporters.JUnitReportReporter -->
<testsuite hostname="LAPTOP-UA381MM8" failures="0" tests="2" name="com.waltonbd.WebTests.FramesTest" time="13.344" errors="0" timestamp="01 Oct 2020 10:40:12 GMT" skipped="1">
  <testcase classname="com.waltonbd.WebTests.FramesTest" name="openAndInputFrames" time="13.344"/>
  <testcase classname="com.waltonbd.WebTests.FramesTest" name="openFramesPage">
    <skipped/>
  </testcase> <!-- openFramesPage -->
</testsuite> <!-- com.waltonbd.WebTests.FramesTest -->
