<?xml version="1.0" encoding="UTF-8"?>
<!-- Generated by org.testng.reporters.JUnitReportReporter -->
<testsuite hostname="LAPTOP-UA381MM8" failures="0" tests="6" name="com.waltonbd.WebTests.LocatorsTest" time="81.340" errors="0" timestamp="05 Oct 2020 09:20:21 GMT" skipped="5">
  <testcase classname="com.waltonbd.WebTests.LocatorsTest" name="cssSelectorsOperation" time="81.340"/>
  <testcase classname="com.waltonbd.WebTests.LocatorsTest" name="htmlDropDownsOperation">
    <skipped/>
  </testcase> <!-- htmlDropDownsOperation -->
  <testcase classname="com.waltonbd.WebTests.LocatorsTest" name="htmlControlsOperation">
    <skipped/>
  </testcase> <!-- htmlControlsOperation -->
  <testcase classname="com.waltonbd.WebTests.LocatorsTest" name="xpathOperation">
    <skipped/>
  </testcase> <!-- xpathOperation -->
  <testcase classname="com.waltonbd.WebTests.LocatorsTest" name="elementsOperation">
    <skipped/>
  </testcase> <!-- elementsOperation -->
  <testcase classname="com.waltonbd.WebTests.LocatorsTest" name="openLocatorsPage">
    <skipped/>
  </testcase> <!-- openLocatorsPage -->
</testsuite> <!-- com.waltonbd.WebTests.LocatorsTest -->
