<?xml version="1.0" encoding="UTF-8"?>
<!-- Generated by org.testng.reporters.JUnitReportReporter -->
<testsuite hostname="LAPTOP-UA381MM8" failures="0" tests="4" name="com.waltonbd.WebTests.LocatorsTest" time="14.540" errors="0" timestamp="04 Oct 2020 10:14:39 GMT" skipped="3">
  <testcase classname="com.waltonbd.WebTests.LocatorsTest" name="htmlDropDownsOperation" time="14.540"/>
  <testcase classname="com.waltonbd.WebTests.LocatorsTest" name="htmlControlsOperation">
    <skipped/>
  </testcase> <!-- htmlControlsOperation -->
  <testcase classname="com.waltonbd.WebTests.LocatorsTest" name="elementsOperation">
    <skipped/>
  </testcase> <!-- elementsOperation -->
  <testcase classname="com.waltonbd.WebTests.LocatorsTest" name="openLocatorsPage">
    <skipped/>
  </testcase> <!-- openLocatorsPage -->
</testsuite> <!-- com.waltonbd.WebTests.LocatorsTest -->
