<?xml version="1.0" encoding="UTF-8"?>
<!-- Generated by org.testng.reporters.JUnitReportReporter -->
<testsuite hostname="LAPTOP-UA381MM8" failures="0" tests="2" name="com.waltonbd.WebTests.FramesTest" time="85.440" errors="0" timestamp="10 Oct 2020 09:39:15 GMT" skipped="0">
  <testcase classname="com.waltonbd.WebTests.FramesTest" name="openFramesPage" time="12.692"/>
  <testcase classname="com.waltonbd.WebTests.FramesTest" name="openAndInputFrames" time="72.748"/>
</testsuite> <!-- com.waltonbd.WebTests.FramesTest -->
