<?xml version="1.0" encoding="UTF-8"?>
<!-- Generated by org.testng.reporters.JUnitReportReporter -->
<testsuite hostname="LAPTOP-UA381MM8" failures="0" tests="4" name="com.waltonbd.WebTests.AlertTest" time="8.361" errors="0" timestamp="03 Oct 2020 04:56:18 GMT" skipped="3">
  <testcase classname="com.waltonbd.WebTests.AlertTest" name="promptAlertHandle" time="8.361"/>
  <testcase classname="com.waltonbd.WebTests.AlertTest" name="openWindowPage">
    <skipped/>
  </testcase> <!-- openWindowPage -->
  <testcase classname="com.waltonbd.WebTests.AlertTest" name="simpleAlertHandle">
    <skipped/>
  </testcase> <!-- simpleAlertHandle -->
  <testcase classname="com.waltonbd.WebTests.AlertTest" name="confirmationAlertHandle">
    <skipped/>
  </testcase> <!-- confirmationAlertHandle -->
</testsuite> <!-- com.waltonbd.WebTests.AlertTest -->
