<?xml version="1.0" encoding="UTF-8"?>
<!-- Generated by org.testng.reporters.JUnitReportReporter -->
<testsuite hostname="LAPTOP-UA381MM8" failures="0" tests="1" name="com.waltonbd.WebTests.MyRunner.TestRunner" time="65.761" errors="0" timestamp="24 Oct 2020 10:57:13 GMT" skipped="0">
  <testcase classname="com.waltonbd.WebTests.MyRunner.TestRunner" name="feature" time="65.761"/>
</testsuite> <!-- com.waltonbd.WebTests.MyRunner.TestRunner -->
