<?xml version="1.0" encoding="UTF-8"?>
<!-- Generated by org.testng.reporters.JUnitReportReporter -->
<testsuite hostname="LAPTOP-UA381MM8" failures="0" tests="1" name="com.waltonbd.WebTests.Log4jTest" time="38.261" errors="0" timestamp="24 Oct 2020 10:57:14 GMT" skipped="0">
  <testcase classname="com.waltonbd.WebTests.Log4jTest" name="operations" time="38.261"/>
</testsuite> <!-- com.waltonbd.WebTests.Log4jTest -->
